<?xml version="1.0" encoding="UTF-8"?>
<!-- Generated by org.testng.reporters.JUnitXMLReporter -->
<testsuite hostname="DESKTOP-4PA6V67" ignored="0" name="Command line test" tests="3" failures="1" timestamp="22 jul 2020 01:14:52 GMT" time="0.087" errors="0">
  <testcase name="failureTest" time="0.003" classname="tests.TestClass">
    <failure type="java.lang.AssertionError" message="expected [false] but found [true]">
      <![CDATA[java.lang.AssertionError: expected [false] but found [true]
at tests.TestClass.failureTest(TestClass.java:20)
... Removed 39 stack frames]]>
    </failure>
  </testcase> <!-- failureTest -->
  <testcase name="loginTest" time="0.001" classname="tests.TestClass"/>
  <testcase name="testTrue" time="0.0" classname="tests.TestClass"/>
</testsuite> <!-- Command line test -->
