<?xml version="1.0" encoding="UTF-8"?>
<!-- Generated by org.testng.reporters.JUnitXMLReporter -->
<testsuite hostname="DESKTOP-4PA6V67" ignored="0" name="Command line test" tests="3" failures="2" timestamp="22 jul 2020 01:20:28 GMT" time="0.048" errors="0">
  <testcase name="failureTest" time="0.009" classname="tests.TestClass">
    <failure type="java.lang.AssertionError" message="expected [false] but found [true]">
      <![CDATA[java.lang.AssertionError: expected [false] but found [true]
at tests.TestClass.failureTest(TestClass.java:20)
... Removed 38 stack frames]]>
    </failure>
  </testcase> <!-- failureTest -->
  <testcase name="loginTest" time="0.0" classname="tests.TestClass"/>
  <testcase name="testTrue" time="0.0" classname="tests.TestClass">
    <failure type="java.lang.AssertionError" message="expected [true] but found [false]">
      <![CDATA[java.lang.AssertionError: expected [true] but found [false]
at tests.TestClass.testTrue(TestClass.java:25)
... Removed 38 stack frames]]>
    </failure>
  </testcase> <!-- testTrue -->
</testsuite> <!-- Command line test -->
