<?xml version="1.0" encoding="UTF-8"?>
<!-- Generated by org.testng.reporters.JUnitXMLReporter -->
<testsuite hostname="DESKTOP-4PA6V67" ignored="0" name="Command line test" tests="3" failures="0" timestamp="22 jul 2020 01:23:01 GMT" time="0.048" errors="0">
  <testcase name="failureTest" time="0.009" classname="tests.TestClass"/>
  <testcase name="loginTest" time="0.001" classname="tests.TestClass"/>
  <testcase name="testTrue" time="0.0" classname="tests.TestClass"/>
</testsuite> <!-- Command line test -->
