<?xml version="1.0" encoding="UTF-8"?>
<testng-results skipped="0" failed="0" ignored="0" total="3" passed="3">
  <reporter-output>
  </reporter-output>
  <suite name="tests.TestClass" duration-ms="48" started-at="2020-07-22T01:23:01Z" finished-at="2020-07-22T01:23:01Z">
    <groups>
    </groups>
    <test name="Command line test" duration-ms="48" started-at="2020-07-22T01:23:01Z" finished-at="2020-07-22T01:23:01Z">
      <class name="tests.TestClass">
        <test-method status="PASS" signature="failureTest()[pri:0, instance:tests.TestClass@60addb54]" name="failureTest" duration-ms="9" started-at="2020-07-22T01:23:01Z" finished-at="2020-07-22T01:23:01Z">
          <reporter-output>
          </reporter-output>
        </test-method> <!-- failureTest -->
        <test-method status="PASS" signature="loginTest()[pri:0, instance:tests.TestClass@60addb54]" name="loginTest" duration-ms="1" started-at="2020-07-22T01:23:01Z" finished-at="2020-07-22T01:23:01Z">
          <reporter-output>
          </reporter-output>
        </test-method> <!-- loginTest -->
        <test-method status="PASS" signature="testTrue()[pri:0, instance:tests.TestClass@60addb54]" name="testTrue" duration-ms="0" started-at="2020-07-22T01:23:01Z" finished-at="2020-07-22T01:23:01Z">
          <reporter-output>
          </reporter-output>
        </test-method> <!-- testTrue -->
      </class> <!-- tests.TestClass -->
    </test> <!-- Command line test -->
  </suite> <!-- tests.TestClass -->
</testng-results>
